ok pair_count = 4096.
/export/home/acs/stud/v/vlad_adrian.ulmeanu/Probleme/dizertatie/implement_soft_som/code/explain_cam.py:27: SyntaxWarning: 'tuple' object is not callable; perhaps you missed a comma?
  ("../imagenette2-160/val/n03888257/n03888257_482.JPEG", "parachute") # parachute
ok pair_count = 4224.
ok pair_count = 4352.
ok pair_count = 4480.
ok pair_count = 4608.
ok pair_count = 4736.
ok pair_count = 4864.
ok pair_count = 4992.
slurmstepd: error: *** JOB 63415 ON dgxh100-precis-wn03 CANCELLED AT 2025-01-22T00:53:02 ***
ok pair_count = 5120.
ok pair_count = 5248.
ok pair_count = 5376.
ok pair_count = 5504.
ok pair_count = 5632.
ok pair_count = 5760.
ok pair_count = 5888.
ok pair_count = 6016.
ok pair_count = 6144.
ok pair_count = 6272.
ok pair_count = 6400.
ok pair_count = 6528.
ok pair_count = 6656.
ok pair_count = 6784.
ok pair_count = 6912.
ok pair_count = 7040.
ok pair_count = 7168.
ok pair_count = 7296.
ok pair_count = 7424.
ok pair_count = 7552.
ok pair_count = 7680.
ok pair_count = 7808.
ok pair_count = 7936.
ok pair_count = 8064.
ok pair_count = 8192.
ok pair_count = 8320.
ok pair_count = 8448.
ok pair_count = 8576.
ok pair_count = 8704.
ok pair_count = 8832.
ok pair_count = 8960.
ok pair_count = 9088.
ok pair_count = 9216.
ok pair_count = 9344.
ok pair_count = 9469.
Ended generator for loop (dset_type = 'train').
ok pair_count = 3925.
Ended generator for loop (dset_type = 'test').
epoch = 15 took 1176.673s.
ok pair_count = 128.
ok pair_count = 256.
ok pair_count = 384.
ok pair_count = 512.
ok pair_count = 640.
ok pair_count = 768.
ok pair_count = 896.
ok pair_count = 1024.
ok pair_count = 1152.
ok pair_count = 1280.
ok pair_count = 1408.
ok pair_count = 1536.
ok pair_count = 1664.
ok pair_count = 1792.
ok pair_count = 1920.
ok pair_count = 2048.
ok pair_count = 2176.
ok pair_count = 2304.
ok pair_count = 2432.
ok pair_count = 2560.
ok pair_count = 2688.
ok pair_count = 2816.
ok pair_count = 2944.
ok pair_count = 3072.
ok pair_count = 3200.
ok pair_count = 3328.
ok pair_count = 3456.
ok pair_count = 3584.
ok pair_count = 3712.
ok pair_count = 3840.
ok pair_count = 3968.
ok pair_count = 4096.
ok pair_count = 4224.
ok pair_count = 4352.
ok pair_count = 4480.
ok pair_count = 4608.
ok pair_count = 4736.
ok pair_count = 4864.
ok pair_count = 4992.
ok pair_count = 5120.
ok pair_count = 5248.
ok pair_count = 5376.
ok pair_count = 5504.
ok pair_count = 5632.
ok pair_count = 5760.
ok pair_count = 5888.
ok pair_count = 6016.
ok pair_count = 6144.
ok pair_count = 6272.
ok pair_count = 6400.
ok pair_count = 6528.
ok pair_count = 6656.
ok pair_count = 6784.
ok pair_count = 6912.
ok pair_count = 7040.
ok pair_count = 7168.
ok pair_count = 7296.
ok pair_count = 7424.
ok pair_count = 7552.
ok pair_count = 7680.
ok pair_count = 7808.
ok pair_count = 7936.
ok pair_count = 8064.
ok pair_count = 8192.
ok pair_count = 8320.
ok pair_count = 8448.
ok pair_count = 8576.
ok pair_count = 8704.
ok pair_count = 8832.
ok pair_count = 8960.
ok pair_count = 9088.
ok pair_count = 9216.
ok pair_count = 9344.
ok pair_count = 9469.
Ended generator for loop (dset_type = 'train').
ok pair_count = 3925.
Ended generator for loop (dset_type = 'test').
epoch = 16 took 1172.097s.
ok pair_count = 128.
ok pair_count = 256.
ok pair_count = 384.
ok pair_count = 512.
ok pair_count = 640.
ok pair_count = 768.
ok pair_count = 896.
ok pair_count = 1024.
ok pair_count = 1152.
ok pair_count = 1280.
ok pair_count = 1408.
ok pair_count = 1536.
ok pair_count = 1664.
ok pair_count = 1792.
ok pair_count = 1920.
ok pair_count = 2048.
ok pair_count = 2176.
ok pair_count = 2304.
ok pair_count = 2432.
ok pair_count = 2560.
ok pair_count = 2688.
ok pair_count = 2816.
ok pair_count = 2944.
ok pair_count = 3072.
ok pair_count = 3200.
ok pair_count = 3328.
ok pair_count = 3456.
ok pair_count = 3584.
ok pair_count = 3712.
ok pair_count = 3840.
ok pair_count = 3968.
ok pair_count = 4096.
ok pair_count = 4224.
ok pair_count = 4352.
ok pair_count = 4480.
ok pair_count = 4608.
ok pair_count = 4736.
ok pair_count = 4864.
ok pair_count = 4992.
ok pair_count = 5120.
ok pair_count = 5248.
ok pair_count = 5376.
ok pair_count = 5504.
ok pair_count = 5632.
ok pair_count = 5760.
ok pair_count = 5888.
ok pair_count = 6016.
ok pair_count = 6144.
ok pair_count = 6272.
ok pair_count = 6400.
ok pair_count = 6528.
ok pair_count = 6656.
ok pair_count = 6784.
ok pair_count = 6912.
ok pair_count = 7040.
ok pair_count = 7168.
ok pair_count = 7296.
ok pair_count = 7424.
ok pair_count = 7552.
ok pair_count = 7680.
ok pair_count = 7808.
ok pair_count = 7936.
ok pair_count = 8064.
ok pair_count = 8192.
ok pair_count = 8320.
ok pair_count = 8448.
ok pair_count = 8576.
ok pair_count = 8704.
ok pair_count = 8832.
ok pair_count = 8960.
ok pair_count = 9088.
ok pair_count = 9216.
ok pair_count = 9344.
ok pair_count = 9469.
Ended generator for loop (dset_type = 'train').
ok pair_count = 3925.
Ended generator for loop (dset_type = 'test').
epoch = 17 took 1174.02s.
ok pair_count = 128.
ok pair_count = 256.
ok pair_count = 384.
ok pair_count = 512.
ok pair_count = 640.
ok pair_count = 768.
ok pair_count = 896.
ok pair_count = 1024.
ok pair_count = 1152.
ok pair_count = 1280.
ok pair_count = 1408.
ok pair_count = 1536.
ok pair_count = 1664.
ok pair_count = 1792.
ok pair_count = 1920.
ok pair_count = 2048.
ok pair_count = 2176.
ok pair_count = 2304.
ok pair_count = 2432.
ok pair_count = 2560.
ok pair_count = 2688.
ok pair_count = 2816.
ok pair_count = 2944.
ok pair_count = 3072.
ok pair_count = 3200.
ok pair_count = 3328.
ok pair_count = 3456.
ok pair_count = 3584.
ok pair_count = 3712.
ok pair_count = 3840.
ok pair_count = 3968.
ok pair_count = 4096.
ok pair_count = 4224.
ok pair_count = 4352.
ok pair_count = 4480.
ok pair_count = 4608.
ok pair_count = 4736.
ok pair_count = 4864.
ok pair_count = 4992.
ok pair_count = 5120.
ok pair_count = 5248.
ok pair_count = 5376.
ok pair_count = 5504.
ok pair_count = 5632.
ok pair_count = 5760.
ok pair_count = 5888.
ok pair_count = 6016.
ok pair_count = 6144.
ok pair_count = 6272.
ok pair_count = 6400.
ok pair_count = 6528.
ok pair_count = 6656.
ok pair_count = 6784.
ok pair_count = 6912.
ok pair_count = 7040.
ok pair_count = 7168.
ok pair_count = 7296.
ok pair_count = 7424.
ok pair_count = 7552.
ok pair_count = 7680.
ok pair_count = 7808.
ok pair_count = 7936.
ok pair_count = 8064.
ok pair_count = 8192.
ok pair_count = 8320.
ok pair_count = 8448.
ok pair_count = 8576.
ok pair_count = 8704.
ok pair_count = 8832.
ok pair_count = 8960.
ok pair_count = 9088.
ok pair_count = 9216.
ok pair_count = 9344.
ok pair_count = 9469.
Ended generator for loop (dset_type = 'train').
ok pair_count = 3925.
Ended generator for loop (dset_type = 'test').
epoch = 18 took 1173.201s.
ok pair_count = 128.
ok pair_count = 256.
ok pair_count = 384.
ok pair_count = 512.
ok pair_count = 640.
ok pair_count = 768.
ok pair_count = 896.
ok pair_count = 1024.
ok pair_count = 1152.
ok pair_count = 1280.
ok pair_count = 1408.
ok pair_count = 1536.
ok pair_count = 1664.
ok pair_count = 1792.
ok pair_count = 1920.
ok pair_count = 2048.
ok pair_count = 2176.
ok pair_count = 2304.
ok pair_count = 2432.
ok pair_count = 2560.
ok pair_count = 2688.
ok pair_count = 2816.
ok pair_count = 2944.
ok pair_count = 3072.
ok pair_count = 3200.
ok pair_count = 3328.
ok pair_count = 3456.
ok pair_count = 3584.
ok pair_count = 3712.
ok pair_count = 3840.
ok pair_count = 3968.
ok pair_count = 4096.
ok pair_count = 4224.
ok pair_count = 4352.
ok pair_count = 4480.
ok pair_count = 4608.
ok pair_count = 4736.
ok pair_count = 4864.
ok pair_count = 4992.
ok pair_count = 5120.
ok pair_count = 5248.
ok pair_count = 5376.
ok pair_count = 5504.
ok pair_count = 5632.
ok pair_count = 5760.
ok pair_count = 5888.
ok pair_count = 6016.
ok pair_count = 6144.
ok pair_count = 6272.
ok pair_count = 6400.
ok pair_count = 6528.
ok pair_count = 6656.
ok pair_count = 6784.
ok pair_count = 6912.
ok pair_count = 7040.
ok pair_count = 7168.
ok pair_count = 7296.
ok pair_count = 7424.
ok pair_count = 7552.
ok pair_count = 7680.
ok pair_count = 7808.
ok pair_count = 7936.
ok pair_count = 8064.
ok pair_count = 8192.
ok pair_count = 8320.
ok pair_count = 8448.
ok pair_count = 8576.
ok pair_count = 8704.
ok pair_count = 8832.
ok pair_count = 8960.
ok pair_count = 9088.
ok pair_count = 9216.
ok pair_count = 9344.
ok pair_count = 9469.
Ended generator for loop (dset_type = 'train').
ok pair_count = 3925.
Ended generator for loop (dset_type = 'test').
epoch = 19 took 1172.984s.
ok pair_count = 128.
ok pair_count = 256.
ok pair_count = 384.
ok pair_count = 512.
ok pair_count = 640.
ok pair_count = 768.
ok pair_count = 896.
ok pair_count = 1024.
ok pair_count = 1152.
ok pair_count = 1280.
ok pair_count = 1408.
ok pair_count = 1536.
ok pair_count = 1664.
ok pair_count = 1792.
ok pair_count = 1920.
ok pair_count = 2048.
ok pair_count = 2176.
ok pair_count = 2304.
ok pair_count = 2432.
ok pair_count = 2560.
ok pair_count = 2688.
ok pair_count = 2816.
ok pair_count = 2944.
ok pair_count = 3072.
ok pair_count = 3200.
ok pair_count = 3328.
ok pair_count = 3456.
ok pair_count = 3584.
ok pair_count = 3712.
ok pair_count = 3840.
ok pair_count = 3968.
ok pair_count = 4096.
ok pair_count = 4224.
ok pair_count = 4352.
ok pair_count = 4480.
ok pair_count = 4608.
ok pair_count = 4736.
ok pair_count = 4864.
ok pair_count = 4992.
ok pair_count = 5120.
ok pair_count = 5248.
ok pair_count = 5376.
ok pair_count = 5504.
ok pair_count = 5632.
ok pair_count = 5760.
ok pair_count = 5888.
ok pair_count = 6016.
ok pair_count = 6144.
ok pair_count = 6272.
ok pair_count = 6400.
ok pair_count = 6528.
ok pair_count = 6656.
ok pair_count = 6784.
ok pair_count = 6912.
ok pair_count = 7040.
ok pair_count = 7168.
ok pair_count = 7296.
ok pair_count = 7424.
ok pair_count = 7552.
ok pair_count = 7680.
ok pair_count = 7808.
ok pair_count = 7936.
ok pair_count = 8064.
ok pair_count = 8192.
ok pair_count = 8320.
ok pair_count = 8448.
ok pair_count = 8576.
ok pair_count = 8704.
ok pair_count = 8832.
ok pair_count = 8960.
ok pair_count = 9088.
ok pair_count = 9216.
ok pair_count = 9344.
ok pair_count = 9469.
Ended generator for loop (dset_type = 'train').
ok pair_count = 3925.
Ended generator for loop (dset_type = 'test').
epoch = 20: 
train report:                 precision    recall  f1-score   support

           dog       0.57      0.58      0.58       955
     golf_ball       0.53      0.48      0.50       951
   french_horn       0.48      0.48      0.48       956
      gas_pump       0.55      0.56      0.55       931
     chain_saw       0.35      0.32      0.33       858
          fish       0.55      0.62      0.58       963
     parachute       0.65      0.66      0.66       960
 garbage_truck       0.53      0.53      0.53       961
casette_player       0.63      0.63      0.63       993
        church       0.59      0.59      0.59       941

      accuracy                           0.55      9469
     macro avg       0.54      0.54      0.54      9469
  weighted avg       0.55      0.55      0.55      9469

test report:                 precision    recall  f1-score   support

           dog       0.61      0.60      0.61       395
     golf_ball       0.26      0.85      0.39       399
   french_horn       0.59      0.33      0.42       394
      gas_pump       0.64      0.56      0.60       419
     chain_saw       0.45      0.10      0.17       386
          fish       0.78      0.22      0.35       387
     parachute       0.76      0.49      0.60       390
 garbage_truck       0.51      0.68      0.58       389
casette_player       0.55      0.69      0.61       357
        church       0.72      0.38      0.50       409

      accuracy                           0.49      3925
     macro avg       0.59      0.49      0.48      3925
  weighted avg       0.59      0.49      0.48      3925

epoch = 20 took 1173.94s.
ok pair_count = 128.
ok pair_count = 256.
ok pair_count = 384.
ok pair_count = 512.
ok pair_count = 640.
ok pair_count = 768.
ok pair_count = 896.
ok pair_count = 1024.
ok pair_count = 1152.
ok pair_count = 1280.
ok pair_count = 1408.
ok pair_count = 1536.
ok pair_count = 1664.
ok pair_count = 1792.
ok pair_count = 1920.
ok pair_count = 2048.
ok pair_count = 2176.
ok pair_count = 2304.
ok pair_count = 2432.
ok pair_count = 2560.
ok pair_count = 2688.
ok pair_count = 2816.
ok pair_count = 2944.
ok pair_count = 3072.
ok pair_count = 3200.
ok pair_count = 3328.
ok pair_count = 3456.
ok pair_count = 3584.
ok pair_count = 3712.
ok pair_count = 3840.
ok pair_count = 3968.
ok pair_count = 4096.
ok pair_count = 4224.
ok pair_count = 4352.
ok pair_count = 4480.
ok pair_count = 4608.
ok pair_count = 4736.
ok pair_count = 4864.
ok pair_count = 4992.
ok pair_count = 5120.
ok pair_count = 5248.
ok pair_count = 5376.
ok pair_count = 5504.
ok pair_count = 5632.
ok pair_count = 5760.
ok pair_count = 5888.
ok pair_count = 6016.
ok pair_count = 6144.
ok pair_count = 6272.
ok pair_count = 6400.
ok pair_count = 6528.
ok pair_count = 6656.
ok pair_count = 6784.
ok pair_count = 6912.
ok pair_count = 7040.
ok pair_count = 7168.
ok pair_count = 7296.
ok pair_count = 7424.
ok pair_count = 7552.
ok pair_count = 7680.
ok pair_count = 7808.
ok pair_count = 7936.
ok pair_count = 8064.
ok pair_count = 8192.
ok pair_count = 8320.
ok pair_count = 8448.
ok pair_count = 8576.
ok pair_count = 8704.
ok pair_count = 8832.
ok pair_count = 8960.
ok pair_count = 9088.
ok pair_count = 9216.
ok pair_count = 9344.
ok pair_count = 9469.
Ended generator for loop (dset_type = 'train').
ok pair_count = 3925.
Ended generator for loop (dset_type = 'test').
epoch = 21 took 1174.862s.
ok pair_count = 128.
ok pair_count = 256.
ok pair_count = 384.
ok pair_count = 512.
ok pair_count = 640.
ok pair_count = 768.
ok pair_count = 896.
ok pair_count = 1024.
ok pair_count = 1152.
ok pair_count = 1280.
ok pair_count = 1408.
ok pair_count = 1536.
ok pair_count = 1664.
ok pair_count = 1792.
ok pair_count = 1920.
ok pair_count = 2048.
ok pair_count = 2176.
ok pair_count = 2304.
ok pair_count = 2432.
ok pair_count = 2560.
ok pair_count = 2688.
ok pair_count = 2816.
ok pair_count = 2944.
ok pair_count = 3072.
ok pair_count = 3200.
ok pair_count = 3328.
ok pair_count = 3456.
ok pair_count = 3584.
ok pair_count = 3712.
ok pair_count = 3840.
ok pair_count = 3968.
ok pair_count = 4096.
ok pair_count = 4224.
ok pair_count = 4352.
ok pair_count = 4480.
ok pair_count = 4608.
ok pair_count = 4736.
ok pair_count = 4864.
ok pair_count = 4992.
ok pair_count = 5120.
ok pair_count = 5248.
ok pair_count = 5376.
ok pair_count = 5504.
ok pair_count = 5632.
ok pair_count = 5760.
ok pair_count = 5888.
ok pair_count = 6016.
ok pair_count = 6144.
ok pair_count = 6272.
ok pair_count = 6400.
ok pair_count = 6528.
ok pair_count = 6656.
ok pair_count = 6784.
ok pair_count = 6912.
ok pair_count = 7040.
ok pair_count = 7168.
ok pair_count = 7296.
ok pair_count = 7424.
ok pair_count = 7552.
ok pair_count = 7680.
ok pair_count = 7808.
ok pair_count = 7936.
ok pair_count = 8064.
ok pair_count = 8192.
ok pair_count = 8320.
ok pair_count = 8448.
ok pair_count = 8576.
ok pair_count = 8704.
ok pair_count = 8832.
ok pair_count = 8960.
ok pair_count = 9088.
ok pair_count = 9216.
ok pair_count = 9344.
ok pair_count = 9469.
Ended generator for loop (dset_type = 'train').
ok pair_count = 3925.
Ended generator for loop (dset_type = 'test').
epoch = 22 took 1172.366s.
ok pair_count = 128.
ok pair_count = 256.
ok pair_count = 384.
ok pair_count = 512.
ok pair_count = 640.
ok pair_count = 768.
ok pair_count = 896.
ok pair_count = 1024.
ok pair_count = 1152.
ok pair_count = 1280.
ok pair_count = 1408.
ok pair_count = 1536.
ok pair_count = 1664.
ok pair_count = 1792.
ok pair_count = 1920.
ok pair_count = 2048.
ok pair_count = 2176.
ok pair_count = 2304.
ok pair_count = 2432.
ok pair_count = 2560.
ok pair_count = 2688.
ok pair_count = 2816.
ok pair_count = 2944.
ok pair_count = 3072.
ok pair_count = 3200.
ok pair_count = 3328.
ok pair_count = 3456.
ok pair_count = 3584.
ok pair_count = 3712.
ok pair_count = 3840.
ok pair_count = 3968.
ok pair_count = 4096.
ok pair_count = 4224.
ok pair_count = 4352.
ok pair_count = 4480.
ok pair_count = 4608.
ok pair_count = 4736.
ok pair_count = 4864.
ok pair_count = 4992.
ok pair_count = 5120.
ok pair_count = 5248.
ok pair_count = 5376.
ok pair_count = 5504.
ok pair_count = 5632.
ok pair_count = 5760.
ok pair_count = 5888.
ok pair_count = 6016.
ok pair_count = 6144.
ok pair_count = 6272.
ok pair_count = 6400.
ok pair_count = 6528.
ok pair_count = 6656.
ok pair_count = 6784.
ok pair_count = 6912.
ok pair_count = 7040.
ok pair_count = 7168.
ok pair_count = 7296.
ok pair_count = 7424.
ok pair_count = 7552.
ok pair_count = 7680.
ok pair_count = 7808.
ok pair_count = 7936.
ok pair_count = 8064.
ok pair_count = 8192.
ok pair_count = 8320.
ok pair_count = 8448.
ok pair_count = 8576.
ok pair_count = 8704.
ok pair_count = 8832.
ok pair_count = 8960.
ok pair_count = 9088.
ok pair_count = 9216.
ok pair_count = 9344.
ok pair_count = 9469.
Ended generator for loop (dset_type = 'train').
ok pair_count = 3925.
Ended generator for loop (dset_type = 'test').
epoch = 23 took 1173.361s.
ok pair_count = 128.
ok pair_count = 256.
ok pair_count = 384.
ok pair_count = 512.
ok pair_count = 640.
ok pair_count = 768.
ok pair_count = 896.
ok pair_count = 1024.
ok pair_count = 1152.
ok pair_count = 1280.
ok pair_count = 1408.
ok pair_count = 1536.
ok pair_count = 1664.
ok pair_count = 1792.
ok pair_count = 1920.
ok pair_count = 2048.
ok pair_count = 2176.
ok pair_count = 2304.
ok pair_count = 2432.
ok pair_count = 2560.
ok pair_count = 2688.
ok pair_count = 2816.
ok pair_count = 2944.
ok pair_count = 3072.
ok pair_count = 3200.
ok pair_count = 3328.
ok pair_count = 3456.
ok pair_count = 3584.
ok pair_count = 3712.
ok pair_count = 3840.
ok pair_count = 3968.
ok pair_count = 4096.
ok pair_count = 4224.
ok pair_count = 4352.
ok pair_count = 4480.
ok pair_count = 4608.
ok pair_count = 4736.
ok pair_count = 4864.
ok pair_count = 4992.
ok pair_count = 5120.
ok pair_count = 5248.
ok pair_count = 5376.
ok pair_count = 5504.
ok pair_count = 5632.
ok pair_count = 5760.
ok pair_count = 5888.
ok pair_count = 6016.
ok pair_count = 6144.
ok pair_count = 6272.
ok pair_count = 6400.
ok pair_count = 6528.
ok pair_count = 6656.
ok pair_count = 6784.
ok pair_count = 6912.
ok pair_count = 7040.
ok pair_count = 7168.
ok pair_count = 7296.
ok pair_count = 7424.
ok pair_count = 7552.
ok pair_count = 7680.
ok pair_count = 7808.
ok pair_count = 7936.
ok pair_count = 8064.
ok pair_count = 8192.
ok pair_count = 8320.
ok pair_count = 8448.
ok pair_count = 8576.
ok pair_count = 8704.
ok pair_count = 8832.
ok pair_count = 8960.
ok pair_count = 9088.
ok pair_count = 9216.
ok pair_count = 9344.
ok pair_count = 9469.
Ended generator for loop (dset_type = 'train').
ok pair_count = 3925.
Ended generator for loop (dset_type = 'test').
epoch = 24 took 1173.009s.
ok pair_count = 128.
ok pair_count = 256.
ok pair_count = 384.
ok pair_count = 512.
ok pair_count = 640.
ok pair_count = 768.
ok pair_count = 896.
ok pair_count = 1024.
ok pair_count = 1152.
ok pair_count = 1280.
ok pair_count = 1408.
ok pair_count = 1536.
ok pair_count = 1664.
ok pair_count = 1792.
ok pair_count = 1920.
ok pair_count = 2048.
ok pair_count = 2176.
ok pair_count = 2304.
ok pair_count = 2432.
ok pair_count = 2560.
ok pair_count = 2688.
ok pair_count = 2816.
ok pair_count = 2944.
ok pair_count = 3072.
ok pair_count = 3200.
ok pair_count = 3328.
ok pair_count = 3456.
ok pair_count = 3584.
ok pair_count = 3712.
ok pair_count = 3840.
ok pair_count = 3968.
ok pair_count = 4096.
ok pair_count = 4224.
ok pair_count = 4352.
ok pair_count = 4480.
ok pair_count = 4608.
ok pair_count = 4736.
ok pair_count = 4864.
ok pair_count = 4992.
ok pair_count = 5120.
ok pair_count = 5248.
ok pair_count = 5376.
ok pair_count = 5504.
ok pair_count = 5632.
ok pair_count = 5760.
ok pair_count = 5888.
ok pair_count = 6016.
ok pair_count = 6144.
ok pair_count = 6272.
ok pair_count = 6400.
ok pair_count = 6528.
ok pair_count = 6656.
ok pair_count = 6784.
ok pair_count = 6912.
ok pair_count = 7040.
ok pair_count = 7168.
ok pair_count = 7296.
ok pair_count = 7424.
ok pair_count = 7552.
ok pair_count = 7680.
ok pair_count = 7808.
ok pair_count = 7936.
ok pair_count = 8064.
ok pair_count = 8192.
ok pair_count = 8320.
ok pair_count = 8448.
ok pair_count = 8576.
ok pair_count = 8704.
ok pair_count = 8832.
ok pair_count = 8960.
ok pair_count = 9088.
ok pair_count = 9216.
ok pair_count = 9344.
ok pair_count = 9469.
Ended generator for loop (dset_type = 'train').
ok pair_count = 3925.
Ended generator for loop (dset_type = 'test').
epoch = 25 took 1173.145s.
ok pair_count = 128.
ok pair_count = 256.
ok pair_count = 384.
ok pair_count = 512.
ok pair_count = 640.
ok pair_count = 768.
ok pair_count = 896.
ok pair_count = 1024.
ok pair_count = 1152.
ok pair_count = 1280.
ok pair_count = 1408.
ok pair_count = 1536.
ok pair_count = 1664.
ok pair_count = 1792.
ok pair_count = 1920.
ok pair_count = 2048.
ok pair_count = 2176.
ok pair_count = 2304.
ok pair_count = 2432.
ok pair_count = 2560.
ok pair_count = 2688.
ok pair_count = 2816.
ok pair_count = 2944.
ok pair_count = 3072.
ok pair_count = 3200.
ok pair_count = 3328.
ok pair_count = 3456.
ok pair_count = 3584.
ok pair_count = 3712.
ok pair_count = 3840.
ok pair_count = 3968.
ok pair_count = 4096.
ok pair_count = 4224.
ok pair_count = 4352.
ok pair_count = 4480.
ok pair_count = 4608.
ok pair_count = 4736.
ok pair_count = 4864.
ok pair_count = 4992.
ok pair_count = 5120.
ok pair_count = 5248.
ok pair_count = 5376.
ok pair_count = 5504.
ok pair_count = 5632.
ok pair_count = 5760.
ok pair_count = 5888.
ok pair_count = 6016.
ok pair_count = 6144.
ok pair_count = 6272.
ok pair_count = 6400.
ok pair_count = 6528.
ok pair_count = 6656.
ok pair_count = 6784.
ok pair_count = 6912.
ok pair_count = 7040.
ok pair_count = 7168.
ok pair_count = 7296.
ok pair_count = 7424.
ok pair_count = 7552.
ok pair_count = 7680.
ok pair_count = 7808.
ok pair_count = 7936.
ok pair_count = 8064.
ok pair_count = 8192.
ok pair_count = 8320.
ok pair_count = 8448.
ok pair_count = 8576.
ok pair_count = 8704.
ok pair_count = 8832.
ok pair_count = 8960.
ok pair_count = 9088.
ok pair_count = 9216.
ok pair_count = 9344.
ok pair_count = 9469.
Ended generator for loop (dset_type = 'train').
ok pair_count = 3925.
Ended generator for loop (dset_type = 'test').
epoch = 26 took 1182.333s.
ok pair_count = 128.
ok pair_count = 256.
ok pair_count = 384.
ok pair_count = 512.
ok pair_count = 640.
ok pair_count = 768.
ok pair_count = 896.
ok pair_count = 1024.
ok pair_count = 1152.
ok pair_count = 1280.
ok pair_count = 1408.
ok pair_count = 1536.
ok pair_count = 1664.
ok pair_count = 1792.
ok pair_count = 1920.
ok pair_count = 2048.
ok pair_count = 2176.
ok pair_count = 2304.
ok pair_count = 2432.
ok pair_count = 2560.
ok pair_count = 2688.
ok pair_count = 2816.
ok pair_count = 2944.
ok pair_count = 3072.
ok pair_count = 3200.
ok pair_count = 3328.
ok pair_count = 3456.
ok pair_count = 3584.
ok pair_count = 3712.
ok pair_count = 3840.
ok pair_count = 3968.
ok pair_count = 4096.
ok pair_count = 4224.
ok pair_count = 4352.
ok pair_count = 4480.
ok pair_count = 4608.
ok pair_count = 4736.
ok pair_count = 4864.
ok pair_count = 4992.
ok pair_count = 5120.
ok pair_count = 5248.
ok pair_count = 5376.
ok pair_count = 5504.
ok pair_count = 5632.
ok pair_count = 5760.
ok pair_count = 5888.
ok pair_count = 6016.
ok pair_count = 6144.
ok pair_count = 6272.
ok pair_count = 6400.
ok pair_count = 6528.
ok pair_count = 6656.
ok pair_count = 6784.
ok pair_count = 6912.
ok pair_count = 7040.
ok pair_count = 7168.
ok pair_count = 7296.
ok pair_count = 7424.
ok pair_count = 7552.
ok pair_count = 7680.
ok pair_count = 7808.
ok pair_count = 7936.
ok pair_count = 8064.
ok pair_count = 8192.
ok pair_count = 8320.
ok pair_count = 8448.
ok pair_count = 8576.
ok pair_count = 8704.
ok pair_count = 8832.
ok pair_count = 8960.
ok pair_count = 9088.
ok pair_count = 9216.
ok pair_count = 9344.
ok pair_count = 9469.
Ended generator for loop (dset_type = 'train').
ok pair_count = 3925.
Ended generator for loop (dset_type = 'test').
epoch = 27 took 1172.641s.
ok pair_count = 128.
ok pair_count = 256.
ok pair_count = 384.
ok pair_count = 512.
ok pair_count = 640.
ok pair_count = 768.
ok pair_count = 896.
ok pair_count = 1024.
ok pair_count = 1152.
ok pair_count = 1280.
ok pair_count = 1408.
ok pair_count = 1536.
ok pair_count = 1664.
ok pair_count = 1792.
ok pair_count = 1920.
ok pair_count = 2048.
ok pair_count = 2176.
ok pair_count = 2304.
ok pair_count = 2432.
ok pair_count = 2560.
ok pair_count = 2688.
ok pair_count = 2816.
ok pair_count = 2944.
ok pair_count = 3072.
ok pair_count = 3200.
ok pair_count = 3328.
ok pair_count = 3456.
ok pair_count = 3584.
ok pair_count = 3712.
ok pair_count = 3840.
ok pair_count = 3968.
ok pair_count = 4096.
ok pair_count = 4224.
ok pair_count = 4352.
ok pair_count = 4480.
ok pair_count = 4608.
ok pair_count = 4736.
ok pair_count = 4864.
ok pair_count = 4992.
ok pair_count = 5120.
ok pair_count = 5248.
ok pair_count = 5376.
ok pair_count = 5504.
ok pair_count = 5632.
ok pair_count = 5760.
ok pair_count = 5888.
ok pair_count = 6016.
ok pair_count = 6144.
ok pair_count = 6272.
ok pair_count = 6400.
ok pair_count = 6528.
ok pair_count = 6656.
ok pair_count = 6784.
ok pair_count = 6912.
ok pair_count = 7040.
ok pair_count = 7168.
ok pair_count = 7296.
ok pair_count = 7424.
ok pair_count = 7552.
ok pair_count = 7680.
ok pair_count = 7808.
ok pair_count = 7936.
ok pair_count = 8064.
ok pair_count = 8192.
ok pair_count = 8320.
ok pair_count = 8448.
ok pair_count = 8576.
ok pair_count = 8704.
ok pair_count = 8832.
ok pair_count = 8960.
ok pair_count = 9088.
ok pair_count = 9216.
ok pair_count = 9344.
ok pair_count = 9469.
Ended generator for loop (dset_type = 'train').
ok pair_count = 3925.
Ended generator for loop (dset_type = 'test').
epoch = 28 took 1172.92s.
ok pair_count = 128.
ok pair_count = 256.
ok pair_count = 384.
ok pair_count = 512.
ok pair_count = 640.
ok pair_count = 768.
ok pair_count = 896.
ok pair_count = 1024.
ok pair_count = 1152.
ok pair_count = 1280.
ok pair_count = 1408.
ok pair_count = 1536.
ok pair_count = 1664.
ok pair_count = 1792.
ok pair_count = 1920.
ok pair_count = 2048.
ok pair_count = 2176.
ok pair_count = 2304.
ok pair_count = 2432.
ok pair_count = 2560.
ok pair_count = 2688.
ok pair_count = 2816.
ok pair_count = 2944.
ok pair_count = 3072.
ok pair_count = 3200.
ok pair_count = 3328.
ok pair_count = 3456.
ok pair_count = 3584.
ok pair_count = 3712.
ok pair_count = 3840.
ok pair_count = 3968.
ok pair_count = 4096.
ok pair_count = 4224.
ok pair_count = 4352.
ok pair_count = 4480.
ok pair_count = 4608.
ok pair_count = 4736.
ok pair_count = 4864.
ok pair_count = 4992.
ok pair_count = 5120.
ok pair_count = 5248.
ok pair_count = 5376.
ok pair_count = 5504.
ok pair_count = 5632.
ok pair_count = 5760.
ok pair_count = 5888.
ok pair_count = 6016.
ok pair_count = 6144.
ok pair_count = 6272.
ok pair_count = 6400.
ok pair_count = 6528.
ok pair_count = 6656.
ok pair_count = 6784.
ok pair_count = 6912.
ok pair_count = 7040.
ok pair_count = 7168.
ok pair_count = 7296.
ok pair_count = 7424.
ok pair_count = 7552.
ok pair_count = 7680.
ok pair_count = 7808.
ok pair_count = 7936.
ok pair_count = 8064.
ok pair_count = 8192.
ok pair_count = 8320.
ok pair_count = 8448.
ok pair_count = 8576.
ok pair_count = 8704.
ok pair_count = 8832.
ok pair_count = 8960.
ok pair_count = 9088.
ok pair_count = 9216.
ok pair_count = 9344.
ok pair_count = 9469.
Ended generator for loop (dset_type = 'train').
ok pair_count = 3925.
Ended generator for loop (dset_type = 'test').
epoch = 29 took 1172.641s.
ok pair_count = 128.
ok pair_count = 256.
ok pair_count = 384.
ok pair_count = 512.
ok pair_count = 640.
ok pair_count = 768.
ok pair_count = 896.
ok pair_count = 1024.
ok pair_count = 1152.
ok pair_count = 1280.
ok pair_count = 1408.
ok pair_count = 1536.
ok pair_count = 1664.
ok pair_count = 1792.
ok pair_count = 1920.
ok pair_count = 2048.
ok pair_count = 2176.
ok pair_count = 2304.
ok pair_count = 2432.
ok pair_count = 2560.
ok pair_count = 2688.
ok pair_count = 2816.
ok pair_count = 2944.
ok pair_count = 3072.
ok pair_count = 3200.
ok pair_count = 3328.
ok pair_count = 3456.
ok pair_count = 3584.
ok pair_count = 3712.
ok pair_count = 3840.
ok pair_count = 3968.
ok pair_count = 4096.
ok pair_count = 4224.
ok pair_count = 4352.
ok pair_count = 4480.
ok pair_count = 4608.
ok pair_count = 4736.
ok pair_count = 4864.
ok pair_count = 4992.
ok pair_count = 5120.
ok pair_count = 5248.
ok pair_count = 5376.
ok pair_count = 5504.
ok pair_count = 5632.
ok pair_count = 5760.
ok pair_count = 5888.
ok pair_count = 6016.
ok pair_count = 6144.
ok pair_count = 6272.
ok pair_count = 6400.
ok pair_count = 6528.
ok pair_count = 6656.
ok pair_count = 6784.
ok pair_count = 6912.
ok pair_count = 7040.
ok pair_count = 7168.
ok pair_count = 7296.
ok pair_count = 7424.
ok pair_count = 7552.
ok pair_count = 7680.
ok pair_count = 7808.
ok pair_count = 7936.
ok pair_count = 8064.
ok pair_count = 8192.
ok pair_count = 8320.
ok pair_count = 8448.
ok pair_count = 8576.
ok pair_count = 8704.
ok pair_count = 8832.
ok pair_count = 8960.
ok pair_count = 9088.
ok pair_count = 9216.
ok pair_count = 9344.
ok pair_count = 9469.
Ended generator for loop (dset_type = 'train').
ok pair_count = 3925.
Ended generator for loop (dset_type = 'test').
epoch = 30: 
train report:                 precision    recall  f1-score   support

           dog       0.39      0.40      0.39       955
     golf_ball       0.30      0.29      0.30       951
   french_horn       0.36      0.36      0.36       956
      gas_pump       0.46      0.45      0.46       931
     chain_saw       0.18      0.18      0.18       858
          fish       0.42      0.43      0.43       963
     parachute       0.57      0.57      0.57       960
 garbage_truck       0.39      0.39      0.39       961
casette_player       0.47      0.49      0.48       993
        church       0.41      0.41      0.41       941

      accuracy                           0.40      9469
     macro avg       0.39      0.40      0.40      9469
  weighted avg       0.40      0.40      0.40      9469

test report:                 precision    recall  f1-score   support

           dog       0.48      0.64      0.55       395
     golf_ball       0.47      0.36      0.41       399
   french_horn       0.68      0.21      0.32       394
      gas_pump       0.50      0.58      0.54       419
     chain_saw       0.31      0.25      0.28       386
          fish       0.52      0.52      0.52       387
     parachute       0.60      0.69      0.64       390
 garbage_truck       0.65      0.40      0.49       389
casette_player       0.84      0.21      0.34       357
        church       0.33      0.83      0.47       409

      accuracy                           0.47      3925
     macro avg       0.54      0.47      0.46      3925
  weighted avg       0.53      0.47      0.46      3925

epoch = 30 took 1173.048s.
ok pair_count = 128.
ok pair_count = 256.
ok pair_count = 384.
ok pair_count = 512.
ok pair_count = 640.
ok pair_count = 768.
ok pair_count = 896.
ok pair_count = 1024.
ok pair_count = 1152.
ok pair_count = 1280.
ok pair_count = 1408.
ok pair_count = 1536.
ok pair_count = 1664.
ok pair_count = 1792.
ok pair_count = 1920.
ok pair_count = 2048.
ok pair_count = 2176.
ok pair_count = 2304.
ok pair_count = 2432.
ok pair_count = 2560.
ok pair_count = 2688.
ok pair_count = 2816.
ok pair_count = 2944.
ok pair_count = 3072.
ok pair_count = 3200.
ok pair_count = 3328.
ok pair_count = 3456.
ok pair_count = 3584.
ok pair_count = 3712.
ok pair_count = 3840.
ok pair_count = 3968.
ok pair_count = 4096.
ok pair_count = 4224.
ok pair_count = 4352.
ok pair_count = 4480.
ok pair_count = 4608.
ok pair_count = 4736.
ok pair_count = 4864.
ok pair_count = 4992.
ok pair_count = 5120.
ok pair_count = 5248.
ok pair_count = 5376.
ok pair_count = 5504.
ok pair_count = 5632.
ok pair_count = 5760.
ok pair_count = 5888.
ok pair_count = 6016.
ok pair_count = 6144.
ok pair_count = 6272.
ok pair_count = 6400.
ok pair_count = 6528.
ok pair_count = 6656.
ok pair_count = 6784.
ok pair_count = 6912.
ok pair_count = 7040.
ok pair_count = 7168.
ok pair_count = 7296.
ok pair_count = 7424.
ok pair_count = 7552.
ok pair_count = 7680.
ok pair_count = 7808.
ok pair_count = 7936.
ok pair_count = 8064.
ok pair_count = 8192.
ok pair_count = 8320.
ok pair_count = 8448.
ok pair_count = 8576.
ok pair_count = 8704.
ok pair_count = 8832.
ok pair_count = 8960.
ok pair_count = 9088.
ok pair_count = 9216.
ok pair_count = 9344.
ok pair_count = 9469.
Ended generator for loop (dset_type = 'train').
ok pair_count = 3925.
Ended generator for loop (dset_type = 'test').
epoch = 31 took 1172.881s.
ok pair_count = 128.
ok pair_count = 256.
ok pair_count = 384.
ok pair_count = 512.
ok pair_count = 640.
ok pair_count = 768.
ok pair_count = 896.
ok pair_count = 1024.
ok pair_count = 1152.
ok pair_count = 1280.
ok pair_count = 1408.
ok pair_count = 1536.
ok pair_count = 1664.
ok pair_count = 1792.
ok pair_count = 1920.
ok pair_count = 2048.
ok pair_count = 2176.
ok pair_count = 2304.
ok pair_count = 2432.
ok pair_count = 2560.
ok pair_count = 2688.
ok pair_count = 2816.
ok pair_count = 2944.
ok pair_count = 3072.
ok pair_count = 3200.
ok pair_count = 3328.
ok pair_count = 3456.
ok pair_count = 3584.
ok pair_count = 3712.
ok pair_count = 3840.
ok pair_count = 3968.
ok pair_count = 4096.
ok pair_count = 4224.
ok pair_count = 4352.
ok pair_count = 4480.
ok pair_count = 4608.
ok pair_count = 4736.
ok pair_count = 4864.
ok pair_count = 4992.
ok pair_count = 5120.
ok pair_count = 5248.
ok pair_count = 5376.
ok pair_count = 5504.
ok pair_count = 5632.
ok pair_count = 5760.
ok pair_count = 5888.
ok pair_count = 6016.
ok pair_count = 6144.
ok pair_count = 6272.
ok pair_count = 6400.
ok pair_count = 6528.
ok pair_count = 6656.
ok pair_count = 6784.
ok pair_count = 6912.
ok pair_count = 7040.
ok pair_count = 7168.
ok pair_count = 7296.
ok pair_count = 7424.
ok pair_count = 7552.
ok pair_count = 7680.
ok pair_count = 7808.
ok pair_count = 7936.
ok pair_count = 8064.
ok pair_count = 8192.
ok pair_count = 8320.
ok pair_count = 8448.
ok pair_count = 8576.
ok pair_count = 8704.
ok pair_count = 8832.
ok pair_count = 8960.
ok pair_count = 9088.
ok pair_count = 9216.
ok pair_count = 9344.
ok pair_count = 9469.
Ended generator for loop (dset_type = 'train').
ok pair_count = 3925.
Ended generator for loop (dset_type = 'test').
epoch = 32 took 1172.066s.
ok pair_count = 128.
ok pair_count = 256.
ok pair_count = 384.
ok pair_count = 512.
ok pair_count = 640.
ok pair_count = 768.
ok pair_count = 896.
ok pair_count = 1024.
ok pair_count = 1152.
ok pair_count = 1280.
ok pair_count = 1408.
ok pair_count = 1536.
ok pair_count = 1664.
ok pair_count = 1792.
ok pair_count = 1920.
ok pair_count = 2048.
ok pair_count = 2176.
ok pair_count = 2304.
ok pair_count = 2432.
ok pair_count = 2560.
ok pair_count = 2688.
ok pair_count = 2816.
ok pair_count = 2944.
ok pair_count = 3072.
ok pair_count = 3200.
ok pair_count = 3328.
ok pair_count = 3456.
ok pair_count = 3584.
ok pair_count = 3712.
ok pair_count = 3840.
ok pair_count = 3968.
ok pair_count = 4096.
ok pair_count = 4224.
ok pair_count = 4352.
ok pair_count = 4480.
ok pair_count = 4608.
ok pair_count = 4736.
ok pair_count = 4864.
ok pair_count = 4992.
ok pair_count = 5120.
ok pair_count = 5248.
ok pair_count = 5376.
ok pair_count = 5504.
ok pair_count = 5632.
ok pair_count = 5760.
ok pair_count = 5888.
ok pair_count = 6016.
ok pair_count = 6144.
ok pair_count = 6272.
ok pair_count = 6400.
ok pair_count = 6528.
ok pair_count = 6656.
ok pair_count = 6784.
ok pair_count = 6912.
ok pair_count = 7040.
ok pair_count = 7168.
ok pair_count = 7296.
ok pair_count = 7424.
ok pair_count = 7552.
ok pair_count = 7680.
ok pair_count = 7808.
ok pair_count = 7936.
ok pair_count = 8064.
ok pair_count = 8192.
ok pair_count = 8320.
ok pair_count = 8448.
ok pair_count = 8576.
ok pair_count = 8704.
ok pair_count = 8832.
ok pair_count = 8960.
ok pair_count = 9088.
ok pair_count = 9216.
ok pair_count = 9344.
ok pair_count = 9469.
Ended generator for loop (dset_type = 'train').
ok pair_count = 3925.
Ended generator for loop (dset_type = 'test').
epoch = 33 took 1171.489s.
ok pair_count = 128.
ok pair_count = 256.
ok pair_count = 384.
ok pair_count = 512.
ok pair_count = 640.
ok pair_count = 768.
ok pair_count = 896.
ok pair_count = 1024.
ok pair_count = 1152.
ok pair_count = 1280.
ok pair_count = 1408.
ok pair_count = 1536.
ok pair_count = 1664.
ok pair_count = 1792.
ok pair_count = 1920.
ok pair_count = 2048.
ok pair_count = 2176.
ok pair_count = 2304.
ok pair_count = 2432.
ok pair_count = 2560.
ok pair_count = 2688.
ok pair_count = 2816.
ok pair_count = 2944.
ok pair_count = 3072.
ok pair_count = 3200.
ok pair_count = 3328.
ok pair_count = 3456.
ok pair_count = 3584.
ok pair_count = 3712.
ok pair_count = 3840.
ok pair_count = 3968.
ok pair_count = 4096.
ok pair_count = 4224.
ok pair_count = 4352.
ok pair_count = 4480.
ok pair_count = 4608.
ok pair_count = 4736.
ok pair_count = 4864.
ok pair_count = 4992.
ok pair_count = 5120.
ok pair_count = 5248.
ok pair_count = 5376.
ok pair_count = 5504.
ok pair_count = 5632.
ok pair_count = 5760.
ok pair_count = 5888.
ok pair_count = 6016.
ok pair_count = 6144.
ok pair_count = 6272.
ok pair_count = 6400.
ok pair_count = 6528.
ok pair_count = 6656.
ok pair_count = 6784.
ok pair_count = 6912.
ok pair_count = 7040.
ok pair_count = 7168.
ok pair_count = 7296.
ok pair_count = 7424.
ok pair_count = 7552.
ok pair_count = 7680.
ok pair_count = 7808.
ok pair_count = 7936.
ok pair_count = 8064.
ok pair_count = 8192.
ok pair_count = 8320.
ok pair_count = 8448.
ok pair_count = 8576.
ok pair_count = 8704.
ok pair_count = 8832.
ok pair_count = 8960.
ok pair_count = 9088.
ok pair_count = 9216.
ok pair_count = 9344.
ok pair_count = 9469.
Ended generator for loop (dset_type = 'train').
ok pair_count = 3925.
Ended generator for loop (dset_type = 'test').
epoch = 34 took 1171.41s.
ok pair_count = 128.
ok pair_count = 256.
ok pair_count = 384.
ok pair_count = 512.
ok pair_count = 640.
ok pair_count = 768.
ok pair_count = 896.
ok pair_count = 1024.
ok pair_count = 1152.
ok pair_count = 1280.
ok pair_count = 1408.
ok pair_count = 1536.
ok pair_count = 1664.
ok pair_count = 1792.
ok pair_count = 1920.
ok pair_count = 2048.
ok pair_count = 2176.
ok pair_count = 2304.
ok pair_count = 2432.
ok pair_count = 2560.
ok pair_count = 2688.
ok pair_count = 2816.
ok pair_count = 2944.
ok pair_count = 3072.
ok pair_count = 3200.
ok pair_count = 3328.
ok pair_count = 3456.
ok pair_count = 3584.
ok pair_count = 3712.
ok pair_count = 3840.
ok pair_count = 3968.
ok pair_count = 4096.
ok pair_count = 4224.
ok pair_count = 4352.
ok pair_count = 4480.
ok pair_count = 4608.
ok pair_count = 4736.
ok pair_count = 4864.
ok pair_count = 4992.
ok pair_count = 5120.
ok pair_count = 5248.
ok pair_count = 5376.
ok pair_count = 5504.
ok pair_count = 5632.
ok pair_count = 5760.
ok pair_count = 5888.
ok pair_count = 6016.
ok pair_count = 6144.
ok pair_count = 6272.
ok pair_count = 6400.
ok pair_count = 6528.
ok pair_count = 6656.
ok pair_count = 6784.
ok pair_count = 6912.
ok pair_count = 7040.
ok pair_count = 7168.
ok pair_count = 7296.
ok pair_count = 7424.
ok pair_count = 7552.
ok pair_count = 7680.
ok pair_count = 7808.
ok pair_count = 7936.
ok pair_count = 8064.
ok pair_count = 8192.
ok pair_count = 8320.
ok pair_count = 8448.
ok pair_count = 8576.
ok pair_count = 8704.
ok pair_count = 8832.
ok pair_count = 8960.
ok pair_count = 9088.
ok pair_count = 9216.
ok pair_count = 9344.
ok pair_count = 9469.
Ended generator for loop (dset_type = 'train').
ok pair_count = 3925.
Ended generator for loop (dset_type = 'test').
epoch = 35 took 1171.942s.
ok pair_count = 128.
ok pair_count = 256.
ok pair_count = 384.
ok pair_count = 512.
ok pair_count = 640.
ok pair_count = 768.
ok pair_count = 896.
ok pair_count = 1024.
ok pair_count = 1152.
ok pair_count = 1280.
ok pair_count = 1408.
ok pair_count = 1536.
ok pair_count = 1664.
ok pair_count = 1792.
ok pair_count = 1920.
ok pair_count = 2048.
ok pair_count = 2176.
ok pair_count = 2304.
ok pair_count = 2432.
ok pair_count = 2560.
ok pair_count = 2688.
ok pair_count = 2816.
ok pair_count = 2944.
ok pair_count = 3072.
ok pair_count = 3200.
ok pair_count = 3328.
ok pair_count = 3456.
ok pair_count = 3584.
ok pair_count = 3712.
ok pair_count = 3840.
ok pair_count = 3968.
ok pair_count = 4096.
ok pair_count = 4224.
ok pair_count = 4352.
ok pair_count = 4480.
ok pair_count = 4608.
ok pair_count = 4736.
ok pair_count = 4864.
ok pair_count = 4992.
ok pair_count = 5120.
ok pair_count = 5248.
ok pair_count = 5376.
ok pair_count = 5504.
ok pair_count = 5632.
ok pair_count = 5760.
ok pair_count = 5888.
ok pair_count = 6016.
ok pair_count = 6144.
ok pair_count = 6272.
ok pair_count = 6400.
ok pair_count = 6528.
ok pair_count = 6656.
ok pair_count = 6784.
ok pair_count = 6912.
ok pair_count = 7040.
ok pair_count = 7168.
ok pair_count = 7296.
ok pair_count = 7424.
ok pair_count = 7552.
ok pair_count = 7680.
ok pair_count = 7808.
ok pair_count = 7936.
ok pair_count = 8064.
ok pair_count = 8192.
ok pair_count = 8320.
ok pair_count = 8448.
ok pair_count = 8576.
ok pair_count = 8704.
ok pair_count = 8832.
ok pair_count = 8960.
ok pair_count = 9088.
ok pair_count = 9216.
ok pair_count = 9344.
ok pair_count = 9469.
Ended generator for loop (dset_type = 'train').
ok pair_count = 3925.
Ended generator for loop (dset_type = 'test').
epoch = 36 took 1173.556s.
ok pair_count = 128.
ok pair_count = 256.
ok pair_count = 384.
ok pair_count = 512.
ok pair_count = 640.
ok pair_count = 768.
ok pair_count = 896.
ok pair_count = 1024.
ok pair_count = 1152.
ok pair_count = 1280.
ok pair_count = 1408.
ok pair_count = 1536.
ok pair_count = 1664.
ok pair_count = 1792.
ok pair_count = 1920.
ok pair_count = 2048.
ok pair_count = 2176.
ok pair_count = 2304.
ok pair_count = 2432.
ok pair_count = 2560.
ok pair_count = 2688.
ok pair_count = 2816.
ok pair_count = 2944.
ok pair_count = 3072.
ok pair_count = 3200.
ok pair_count = 3328.
slurmstepd: error: *** JOB 63367 ON dgxh100-precis-wn01 CANCELLED AT 2025-01-22T08:00:03 DUE TO TIME LIMIT ***
