1
Finished loading Dataset (dset_type = 'train').
Finished loading Dataset (dset_type = 'test').
2
3
class_ht = {'n02102040': 0, 'n03445777': 1, 'n03394916': 2, 'n03425413': 3, 'n03000684': 4, 'n01440764': 5, 'n03888257': 6, 'n03417042': 7, 'n02979186': 8, 'n03028079': 9}.
ht_index_to_class = {0: 'dog', 1: 'golf_ball', 2: 'french_horn', 3: 'gas_pump', 4: 'chain_saw', 5: 'fish', 6: 'parachute', 7: 'garbage_truck', 8: 'casette_player', 9: 'church'}
index_to_class = ['dog', 'golf_ball', 'french_horn', 'gas_pump', 'chain_saw', 'fish', 'parachute', 'garbage_truck', 'casette_player', 'church']
ok pair_count = 3925.
Ended generator for loop (dset_type = 'test').
accuracy = 0.209171974522293
precision = 0.33761601081514164
recall = 0.21396651080176823
f1 = 0.1356362377337437
cm = array([[0.98734177, 0.        , 0.        , 0.        , 0.        ,
        0.        , 0.00759494, 0.        , 0.00506329, 0.        ],
       [0.75689223, 0.00501253, 0.        , 0.        , 0.        ,
        0.        , 0.20050125, 0.        , 0.03759398, 0.        ],
       [0.93908629, 0.        , 0.02030457, 0.        , 0.        ,
        0.        , 0.00253807, 0.        , 0.03553299, 0.00253807],
       [0.86396181, 0.        , 0.00477327, 0.        , 0.        ,
        0.        , 0.01909308, 0.        , 0.10739857, 0.00477327],
       [0.89637306, 0.        , 0.00777202, 0.        , 0.        ,
        0.        , 0.04404145, 0.        , 0.05181347, 0.        ],
       [0.87855297, 0.        , 0.        , 0.        , 0.        ,
        0.        , 0.06976744, 0.        , 0.05167959, 0.        ],
       [0.43333333, 0.        , 0.        , 0.        , 0.        ,
        0.        , 0.54615385, 0.        , 0.02051282, 0.        ],
       [0.74293059, 0.        , 0.        , 0.        , 0.        ,
        0.        , 0.05398458, 0.        , 0.20308483, 0.        ],
       [0.40056022, 0.        , 0.        , 0.        , 0.        ,
        0.        , 0.0280112 , 0.00280112, 0.56862745, 0.        ],
       [0.89242054, 0.        , 0.        , 0.        , 0.        ,
        0.        , 0.06601467, 0.        , 0.02933985, 0.01222494]])
report = '                precision    recall  f1-score   support\n\n           dog       0.13      0.99      0.22       395\n     golf_ball       1.00      0.01      0.01       399\n   french_horn       0.62      0.02      0.04       394\n      gas_pump       0.00      0.00      0.00       419\n     chain_saw       0.00      0.00      0.00       386\n          fish       0.00      0.00      0.00       387\n     parachute       0.52      0.55      0.53       390\n garbage_truck       0.00      0.00      0.00       389\ncasette_player       0.49      0.57      0.52       357\n        church       0.62      0.01      0.02       409\n\n      accuracy                           0.21      3925\n     macro avg       0.34      0.21      0.14      3925\n  weighted avg       0.34      0.21      0.13      3925\n'
